<?xml version="1.0" encoding="UTF-8"?>
<testng-results ignored="0" total="1" passed="1" failed="0" skipped="0">
  <reporter-output>
  </reporter-output>
  <suite started-at="2025-04-29T17:37:45 IST" name="Default suite" finished-at="2025-04-29T17:38:49 IST" duration-ms="64344">
    <groups>
    </groups>
    <test started-at="2025-04-29T17:37:45 IST" name="Default test" finished-at="2025-04-29T17:38:49 IST" duration-ms="64344">
      <class name="com.pom.leavetrackertests.SeekBarAndSwipeExample">
        <test-method is-config="true" signature="openApp()[pri:0, instance:com.pom.leavetrackertests.SeekBarAndSwipeExample@6c1a5b54]" started-at="2025-04-29T17:37:45 IST" name="openApp" finished-at="2025-04-29T17:37:59 IST" duration-ms="14191" status="PASS">
          <reporter-output>
          </reporter-output>
        </test-method> <!-- openApp -->
        <test-method signature="SeekBarHandle()[pri:0, instance:com.pom.leavetrackertests.SeekBarAndSwipeExample@6c1a5b54]" started-at="2025-04-29T17:37:59 IST" name="SeekBarHandle" finished-at="2025-04-29T17:38:28 IST" duration-ms="28915" status="PASS">
          <reporter-output>
          </reporter-output>
        </test-method> <!-- SeekBarHandle -->
        <test-method is-config="true" signature="teardown()[pri:0, instance:com.pom.leavetrackertests.SeekBarAndSwipeExample@6c1a5b54]" started-at="2025-04-29T17:38:28 IST" name="teardown" finished-at="2025-04-29T17:38:49 IST" duration-ms="21209" status="FAIL">
          <exception class="org.openqa.selenium.WebDriverException">
            <message>
              <![CDATA[An unknown server-side error occurred while processing the command. Original error: Error executing adbExec. Original error: 'Command 'C:\\Users\\roshi\\AppData\\Local\\Android\\Sdk\\platform-tools\\adb.exe -P 5037 -s 94BAY0LZYZ shell 'settings delete global hidden_api_policy_pre_p_apps;settings delete global hidden_api_policy_p_apps;settings delete global hidden_api_policy'' exited with code 1'; Command output: adb.exe: device '94BAY0LZYZ' not found

Build info: version: '4.31.0', revision: '1ef9f18787*'
System info: os.name: 'Windows 11', os.arch: 'amd64', os.version: '10.0', java.version: '11.0.25'
Driver info: io.appium.java_client.android.AndroidDriver
Command: [1deefe9f-2e7d-485b-84c0-9eca98ea0e70, quit {}]
Capabilities {appium:appActivity: com.kibbcom.leave_tracker_a..., appium:appPackage: com.kibbcom.leave_tracker_app, appium:autoGrantPermissions: true, appium:automationName: UIAutomator2, appium:databaseEnabled: false, appium:desired: {appActivity: com.kibbcom.leave_tracker_a..., appPackage: com.kibbcom.leave_tracker_app, autoGrantPermissions: true, automationName: UIAutomator2, deviceName: 94BAY0LZYZ, platformName: ANDROID, platformVersion: 12}, appium:deviceApiLevel: 32, appium:deviceManufacturer: Google, appium:deviceModel: Pixel 3a, appium:deviceName: 94BAY0LZYZ, appium:deviceScreenDensity: 440, appium:deviceScreenSize: 1080x2220, appium:deviceUDID: 94BAY0LZYZ, appium:javascriptEnabled: true, appium:locationContextEnabled: false, appium:networkConnectionEnabled: true, appium:pixelRatio: 2.75, appium:platformVersion: 12, appium:statBarHeight: 77, appium:takesScreenshot: true, appium:viewportRect: {height: 2143, left: 0, top: 77, width: 1080}, appium:warnings: {}, appium:webStorageEnabled: false, platformName: ANDROID}
Session ID: 1deefe9f-2e7d-485b-84c0-9eca98ea0e70]]>
            </message>
            <full-stacktrace>
              <![CDATA[org.openqa.selenium.WebDriverException: An unknown server-side error occurred while processing the command. Original error: Error executing adbExec. Original error: 'Command 'C:\\Users\\roshi\\AppData\\Local\\Android\\Sdk\\platform-tools\\adb.exe -P 5037 -s 94BAY0LZYZ shell 'settings delete global hidden_api_policy_pre_p_apps;settings delete global hidden_api_policy_p_apps;settings delete global hidden_api_policy'' exited with code 1'; Command output: adb.exe: device '94BAY0LZYZ' not found

Build info: version: '4.31.0', revision: '1ef9f18787*'
System info: os.name: 'Windows 11', os.arch: 'amd64', os.version: '10.0', java.version: '11.0.25'
Driver info: io.appium.java_client.android.AndroidDriver
Command: [1deefe9f-2e7d-485b-84c0-9eca98ea0e70, quit {}]
Capabilities {appium:appActivity: com.kibbcom.leave_tracker_a..., appium:appPackage: com.kibbcom.leave_tracker_app, appium:autoGrantPermissions: true, appium:automationName: UIAutomator2, appium:databaseEnabled: false, appium:desired: {appActivity: com.kibbcom.leave_tracker_a..., appPackage: com.kibbcom.leave_tracker_app, autoGrantPermissions: true, automationName: UIAutomator2, deviceName: 94BAY0LZYZ, platformName: ANDROID, platformVersion: 12}, appium:deviceApiLevel: 32, appium:deviceManufacturer: Google, appium:deviceModel: Pixel 3a, appium:deviceName: 94BAY0LZYZ, appium:deviceScreenDensity: 440, appium:deviceScreenSize: 1080x2220, appium:deviceUDID: 94BAY0LZYZ, appium:javascriptEnabled: true, appium:locationContextEnabled: false, appium:networkConnectionEnabled: true, appium:pixelRatio: 2.75, appium:platformVersion: 12, appium:statBarHeight: 77, appium:takesScreenshot: true, appium:viewportRect: {height: 2143, left: 0, top: 77, width: 1080}, appium:warnings: {}, appium:webStorageEnabled: false, platformName: ANDROID}
Session ID: 1deefe9f-2e7d-485b-84c0-9eca98ea0e70
at java.base/jdk.internal.reflect.NativeConstructorAccessorImpl.newInstance0(Native Method)
at java.base/jdk.internal.reflect.NativeConstructorAccessorImpl.newInstance(NativeConstructorAccessorImpl.java:62)
at java.base/jdk.internal.reflect.DelegatingConstructorAccessorImpl.newInstance(DelegatingConstructorAccessorImpl.java:45)
at java.base/java.lang.reflect.Constructor.newInstance(Constructor.java:490)
at org.openqa.selenium.remote.ErrorCodec.decode(ErrorCodec.java:167)
at org.openqa.selenium.remote.codec.w3c.W3CHttpResponseCodec.decode(W3CHttpResponseCodec.java:138)
at org.openqa.selenium.remote.codec.w3c.W3CHttpResponseCodec.decode(W3CHttpResponseCodec.java:50)
at org.openqa.selenium.remote.HttpCommandExecutor.execute(HttpCommandExecutor.java:215)
at io.appium.java_client.remote.AppiumCommandExecutor.execute(AppiumCommandExecutor.java:237)
at org.openqa.selenium.remote.RemoteWebDriver.execute(RemoteWebDriver.java:545)
at org.openqa.selenium.remote.RemoteWebDriver.execute(RemoteWebDriver.java:618)
at io.appium.java_client.AppiumDriver.execute(AppiumDriver.java:310)
at org.openqa.selenium.remote.RemoteWebDriver.quit(RemoteWebDriver.java:446)
at com.pom.leavetrackertests.SeekBarAndSwipeExample.teardown(SeekBarAndSwipeExample.java:139)
at java.base/jdk.internal.reflect.NativeMethodAccessorImpl.invoke0(Native Method)
at java.base/jdk.internal.reflect.NativeMethodAccessorImpl.invoke(NativeMethodAccessorImpl.java:62)
at java.base/jdk.internal.reflect.DelegatingMethodAccessorImpl.invoke(DelegatingMethodAccessorImpl.java:43)
at java.base/java.lang.reflect.Method.invoke(Method.java:566)
at org.testng.internal.MethodInvocationHelper.invokeMethod(MethodInvocationHelper.java:133)
at org.testng.internal.MethodInvocationHelper.invokeMethodConsideringTimeout(MethodInvocationHelper.java:62)
at org.testng.internal.ConfigInvoker.invokeConfigurationMethod(ConfigInvoker.java:385)
at org.testng.internal.ConfigInvoker.invokeConfigurations(ConfigInvoker.java:321)
at org.testng.internal.TestMethodWorker.invokeAfterClassMethods(TestMethodWorker.java:217)
at org.testng.internal.TestMethodWorker.run(TestMethodWorker.java:130)
at java.base/java.util.ArrayList.forEach(ArrayList.java:1541)
at org.testng.TestRunner.privateRun(TestRunner.java:794)
at org.testng.TestRunner.run(TestRunner.java:596)
at org.testng.SuiteRunner.runTest(SuiteRunner.java:377)
at org.testng.SuiteRunner.runSequentially(SuiteRunner.java:371)
at org.testng.SuiteRunner.privateRun(SuiteRunner.java:332)
at org.testng.SuiteRunner.run(SuiteRunner.java:276)
at org.testng.SuiteRunnerWorker.runSuite(SuiteRunnerWorker.java:53)
at org.testng.SuiteRunnerWorker.run(SuiteRunnerWorker.java:96)
at org.testng.TestNG.runSuitesSequentially(TestNG.java:1212)
at org.testng.TestNG.runSuitesLocally(TestNG.java:1134)
at org.testng.TestNG.runSuites(TestNG.java:1063)
at org.testng.TestNG.run(TestNG.java:1031)
at org.testng.remote.AbstractRemoteTestNG.run(AbstractRemoteTestNG.java:115)
at org.testng.remote.RemoteTestNG.initAndRun(RemoteTestNG.java:293)
at org.testng.remote.RemoteTestNG.main(RemoteTestNG.java:91)
]]>
            </full-stacktrace>
          </exception> <!-- org.openqa.selenium.WebDriverException -->
          <reporter-output>
          </reporter-output>
        </test-method> <!-- teardown -->
      </class> <!-- com.pom.leavetrackertests.SeekBarAndSwipeExample -->
    </test> <!-- Default test -->
  </suite> <!-- Default suite -->
</testng-results>
